[INFO  - 2018-08-06T04:53:10.714Z] GhostDriver - Main - running on port 35502
[INFO  - 2018-08-06T04:53:11.676Z] Session [9ed1d160-9934-11e8-b684-63947eac02f4] - page.settings - {"XSSAuditingEnabled":false,"javascriptCanCloseWindows":true,"javascriptCanOpenWindows":true,"javascriptEnabled":true,"loadImages":true,"localToRemoteUrlAccessEnabled":false,"userAgent":"Mozilla/5.0 (Windows NT 6.2; WOW64) AppleWebKit/538.1 (KHTML, like Gecko) PhantomJS/2.1.1 Safari/538.1","webSecurityEnabled":true}
[INFO  - 2018-08-06T04:53:11.676Z] Session [9ed1d160-9934-11e8-b684-63947eac02f4] - page.customHeaders:  - {}
[INFO  - 2018-08-06T04:53:11.677Z] Session [9ed1d160-9934-11e8-b684-63947eac02f4] - Session.negotiatedCapabilities - {"browserName":"phantomjs","version":"2.1.1","driverName":"ghostdriver","driverVersion":"1.2.0","platform":"windows-10-32bit","javascriptEnabled":true,"takesScreenshot":true,"handlesAlerts":false,"databaseEnabled":false,"locationContextEnabled":false,"applicationCacheEnabled":false,"browserConnectionEnabled":false,"cssSelectorsEnabled":true,"webStorageEnabled":false,"rotatable":false,"acceptSslCerts":false,"nativeEvents":true,"proxy":{"proxyType":"direct"}}
[INFO  - 2018-08-06T04:53:11.677Z] SessionManagerReqHand - _postNewSessionCommand - New Session Created: 9ed1d160-9934-11e8-b684-63947eac02f4
[INFO  - 2018-08-06T04:53:20.933Z] ShutdownReqHand - _handle - About to shutdown
[INFO  - 2018-08-06T04:55:17.238Z] GhostDriver - Main - running on port 5882
[INFO  - 2018-08-06T04:55:17.529Z] Session [e9d59d40-9934-11e8-8f92-f1cabdfe0d59] - page.settings - {"XSSAuditingEnabled":false,"javascriptCanCloseWindows":true,"javascriptCanOpenWindows":true,"javascriptEnabled":true,"loadImages":true,"localToRemoteUrlAccessEnabled":false,"userAgent":"Mozilla/5.0 (Windows NT 6.2; WOW64) AppleWebKit/538.1 (KHTML, like Gecko) PhantomJS/2.1.1 Safari/538.1","webSecurityEnabled":true}
[INFO  - 2018-08-06T04:55:17.530Z] Session [e9d59d40-9934-11e8-8f92-f1cabdfe0d59] - page.customHeaders:  - {}
[INFO  - 2018-08-06T04:55:17.530Z] Session [e9d59d40-9934-11e8-8f92-f1cabdfe0d59] - Session.negotiatedCapabilities - {"browserName":"phantomjs","version":"2.1.1","driverName":"ghostdriver","driverVersion":"1.2.0","platform":"windows-10-32bit","javascriptEnabled":true,"takesScreenshot":true,"handlesAlerts":false,"databaseEnabled":false,"locationContextEnabled":false,"applicationCacheEnabled":false,"browserConnectionEnabled":false,"cssSelectorsEnabled":true,"webStorageEnabled":false,"rotatable":false,"acceptSslCerts":false,"nativeEvents":true,"proxy":{"proxyType":"direct"}}
[INFO  - 2018-08-06T04:55:17.530Z] SessionManagerReqHand - _postNewSessionCommand - New Session Created: e9d59d40-9934-11e8-8f92-f1cabdfe0d59
[INFO  - 2018-08-06T04:55:28.683Z] ShutdownReqHand - _handle - About to shutdown
[INFO  - 2018-08-06T05:18:36.316Z] GhostDriver - Main - running on port 3012
[INFO  - 2018-08-06T05:18:36.587Z] Session [2bbcec60-9938-11e8-b923-f7fc1ef39244] - page.settings - {"XSSAuditingEnabled":false,"javascriptCanCloseWindows":true,"javascriptCanOpenWindows":true,"javascriptEnabled":true,"loadImages":true,"localToRemoteUrlAccessEnabled":false,"userAgent":"Mozilla/5.0 (Windows NT 6.2; WOW64) AppleWebKit/538.1 (KHTML, like Gecko) PhantomJS/2.1.1 Safari/538.1","webSecurityEnabled":true}
[INFO  - 2018-08-06T05:18:36.587Z] Session [2bbcec60-9938-11e8-b923-f7fc1ef39244] - page.customHeaders:  - {}
[INFO  - 2018-08-06T05:18:36.588Z] Session [2bbcec60-9938-11e8-b923-f7fc1ef39244] - Session.negotiatedCapabilities - {"browserName":"phantomjs","version":"2.1.1","driverName":"ghostdriver","driverVersion":"1.2.0","platform":"windows-10-32bit","javascriptEnabled":true,"takesScreenshot":true,"handlesAlerts":false,"databaseEnabled":false,"locationContextEnabled":false,"applicationCacheEnabled":false,"browserConnectionEnabled":false,"cssSelectorsEnabled":true,"webStorageEnabled":false,"rotatable":false,"acceptSslCerts":false,"nativeEvents":true,"proxy":{"proxyType":"direct"}}
[INFO  - 2018-08-06T05:18:36.588Z] SessionManagerReqHand - _postNewSessionCommand - New Session Created: 2bbcec60-9938-11e8-b923-f7fc1ef39244
[INFO  - 2018-08-06T05:18:46.143Z] ShutdownReqHand - _handle - About to shutdown
[INFO  - 2018-08-06T05:23:44.835Z] GhostDriver - Main - running on port 31944
[INFO  - 2018-08-06T05:23:45.135Z] Session [e3a57590-9938-11e8-9b1f-35c3508b3d78] - page.settings - {"XSSAuditingEnabled":false,"javascriptCanCloseWindows":true,"javascriptCanOpenWindows":true,"javascriptEnabled":true,"loadImages":true,"localToRemoteUrlAccessEnabled":false,"userAgent":"Mozilla/5.0 (Windows NT 6.2; WOW64) AppleWebKit/538.1 (KHTML, like Gecko) PhantomJS/2.1.1 Safari/538.1","webSecurityEnabled":true}
[INFO  - 2018-08-06T05:23:45.135Z] Session [e3a57590-9938-11e8-9b1f-35c3508b3d78] - page.customHeaders:  - {}
[INFO  - 2018-08-06T05:23:45.135Z] Session [e3a57590-9938-11e8-9b1f-35c3508b3d78] - Session.negotiatedCapabilities - {"browserName":"phantomjs","version":"2.1.1","driverName":"ghostdriver","driverVersion":"1.2.0","platform":"windows-10-32bit","javascriptEnabled":true,"takesScreenshot":true,"handlesAlerts":false,"databaseEnabled":false,"locationContextEnabled":false,"applicationCacheEnabled":false,"browserConnectionEnabled":false,"cssSelectorsEnabled":true,"webStorageEnabled":false,"rotatable":false,"acceptSslCerts":false,"nativeEvents":true,"proxy":{"proxyType":"direct"}}
[INFO  - 2018-08-06T05:23:45.136Z] SessionManagerReqHand - _postNewSessionCommand - New Session Created: e3a57590-9938-11e8-9b1f-35c3508b3d78
[INFO  - 2018-08-06T05:24:01.099Z] ShutdownReqHand - _handle - About to shutdown
[INFO  - 2018-08-06T05:24:56.932Z] GhostDriver - Main - running on port 44702
[INFO  - 2018-08-06T05:24:57.223Z] Session [0e9d3710-9939-11e8-bc54-cba9cf49bd42] - page.settings - {"XSSAuditingEnabled":false,"javascriptCanCloseWindows":true,"javascriptCanOpenWindows":true,"javascriptEnabled":true,"loadImages":true,"localToRemoteUrlAccessEnabled":false,"userAgent":"Mozilla/5.0 (Windows NT 6.2; WOW64) AppleWebKit/538.1 (KHTML, like Gecko) PhantomJS/2.1.1 Safari/538.1","webSecurityEnabled":true}
[INFO  - 2018-08-06T05:24:57.223Z] Session [0e9d3710-9939-11e8-bc54-cba9cf49bd42] - page.customHeaders:  - {}
[INFO  - 2018-08-06T05:24:57.224Z] Session [0e9d3710-9939-11e8-bc54-cba9cf49bd42] - Session.negotiatedCapabilities - {"browserName":"phantomjs","version":"2.1.1","driverName":"ghostdriver","driverVersion":"1.2.0","platform":"windows-10-32bit","javascriptEnabled":true,"takesScreenshot":true,"handlesAlerts":false,"databaseEnabled":false,"locationContextEnabled":false,"applicationCacheEnabled":false,"browserConnectionEnabled":false,"cssSelectorsEnabled":true,"webStorageEnabled":false,"rotatable":false,"acceptSslCerts":false,"nativeEvents":true,"proxy":{"proxyType":"direct"}}
[INFO  - 2018-08-06T05:24:57.224Z] SessionManagerReqHand - _postNewSessionCommand - New Session Created: 0e9d3710-9939-11e8-bc54-cba9cf49bd42
[INFO  - 2018-08-06T05:25:12.971Z] ShutdownReqHand - _handle - About to shutdown
[INFO  - 2018-08-06T05:25:50.706Z] GhostDriver - Main - running on port 21251
[INFO  - 2018-08-06T05:25:51.012Z] Session [2eacc3e0-9939-11e8-8f35-9f602b314cec] - page.settings - {"XSSAuditingEnabled":false,"javascriptCanCloseWindows":true,"javascriptCanOpenWindows":true,"javascriptEnabled":true,"loadImages":true,"localToRemoteUrlAccessEnabled":false,"userAgent":"Mozilla/5.0 (Windows NT 6.2; WOW64) AppleWebKit/538.1 (KHTML, like Gecko) PhantomJS/2.1.1 Safari/538.1","webSecurityEnabled":true}
[INFO  - 2018-08-06T05:25:51.012Z] Session [2eacc3e0-9939-11e8-8f35-9f602b314cec] - page.customHeaders:  - {}
[INFO  - 2018-08-06T05:25:51.012Z] Session [2eacc3e0-9939-11e8-8f35-9f602b314cec] - Session.negotiatedCapabilities - {"browserName":"phantomjs","version":"2.1.1","driverName":"ghostdriver","driverVersion":"1.2.0","platform":"windows-10-32bit","javascriptEnabled":true,"takesScreenshot":true,"handlesAlerts":false,"databaseEnabled":false,"locationContextEnabled":false,"applicationCacheEnabled":false,"browserConnectionEnabled":false,"cssSelectorsEnabled":true,"webStorageEnabled":false,"rotatable":false,"acceptSslCerts":false,"nativeEvents":true,"proxy":{"proxyType":"direct"}}
[INFO  - 2018-08-06T05:25:51.012Z] SessionManagerReqHand - _postNewSessionCommand - New Session Created: 2eacc3e0-9939-11e8-8f35-9f602b314cec
[INFO  - 2018-08-06T05:26:02.508Z] ShutdownReqHand - _handle - About to shutdown
[INFO  - 2018-08-06T05:27:34.746Z] GhostDriver - Main - running on port 29631
[INFO  - 2018-08-06T05:27:35.068Z] Session [6cb27360-9939-11e8-9473-116d909afa99] - page.settings - {"XSSAuditingEnabled":false,"javascriptCanCloseWindows":true,"javascriptCanOpenWindows":true,"javascriptEnabled":true,"loadImages":true,"localToRemoteUrlAccessEnabled":false,"userAgent":"Mozilla/5.0 (Windows NT 6.2; WOW64) AppleWebKit/538.1 (KHTML, like Gecko) PhantomJS/2.1.1 Safari/538.1","webSecurityEnabled":true}
[INFO  - 2018-08-06T05:27:35.068Z] Session [6cb27360-9939-11e8-9473-116d909afa99] - page.customHeaders:  - {}
[INFO  - 2018-08-06T05:27:35.068Z] Session [6cb27360-9939-11e8-9473-116d909afa99] - Session.negotiatedCapabilities - {"browserName":"phantomjs","version":"2.1.1","driverName":"ghostdriver","driverVersion":"1.2.0","platform":"windows-10-32bit","javascriptEnabled":true,"takesScreenshot":true,"handlesAlerts":false,"databaseEnabled":false,"locationContextEnabled":false,"applicationCacheEnabled":false,"browserConnectionEnabled":false,"cssSelectorsEnabled":true,"webStorageEnabled":false,"rotatable":false,"acceptSslCerts":false,"nativeEvents":true,"proxy":{"proxyType":"direct"}}
[INFO  - 2018-08-06T05:27:35.069Z] SessionManagerReqHand - _postNewSessionCommand - New Session Created: 6cb27360-9939-11e8-9473-116d909afa99
[INFO  - 2018-08-06T05:27:46.533Z] ShutdownReqHand - _handle - About to shutdown
[INFO  - 2018-08-06T05:28:21.610Z] GhostDriver - Main - running on port 4018
[INFO  - 2018-08-06T05:28:21.922Z] Session [889fcdc0-9939-11e8-a4d2-9fae5efe1f6d] - page.settings - {"XSSAuditingEnabled":false,"javascriptCanCloseWindows":true,"javascriptCanOpenWindows":true,"javascriptEnabled":true,"loadImages":true,"localToRemoteUrlAccessEnabled":false,"userAgent":"Mozilla/5.0 (Windows NT 6.2; WOW64) AppleWebKit/538.1 (KHTML, like Gecko) PhantomJS/2.1.1 Safari/538.1","webSecurityEnabled":true}
[INFO  - 2018-08-06T05:28:21.922Z] Session [889fcdc0-9939-11e8-a4d2-9fae5efe1f6d] - page.customHeaders:  - {}
[INFO  - 2018-08-06T05:28:21.922Z] Session [889fcdc0-9939-11e8-a4d2-9fae5efe1f6d] - Session.negotiatedCapabilities - {"browserName":"phantomjs","version":"2.1.1","driverName":"ghostdriver","driverVersion":"1.2.0","platform":"windows-10-32bit","javascriptEnabled":true,"takesScreenshot":true,"handlesAlerts":false,"databaseEnabled":false,"locationContextEnabled":false,"applicationCacheEnabled":false,"browserConnectionEnabled":false,"cssSelectorsEnabled":true,"webStorageEnabled":false,"rotatable":false,"acceptSslCerts":false,"nativeEvents":true,"proxy":{"proxyType":"direct"}}
[INFO  - 2018-08-06T05:28:21.922Z] SessionManagerReqHand - _postNewSessionCommand - New Session Created: 889fcdc0-9939-11e8-a4d2-9fae5efe1f6d
[INFO  - 2018-08-06T05:28:37.976Z] ShutdownReqHand - _handle - About to shutdown
[INFO  - 2018-08-06T05:40:04.334Z] GhostDriver - Main - running on port 44368
[INFO  - 2018-08-06T05:40:04.689Z] Session [2b81b0c0-993b-11e8-8fda-c593f5007004] - page.settings - {"XSSAuditingEnabled":false,"javascriptCanCloseWindows":true,"javascriptCanOpenWindows":true,"javascriptEnabled":true,"loadImages":true,"localToRemoteUrlAccessEnabled":false,"userAgent":"Mozilla/5.0 (Windows NT 6.2; WOW64) AppleWebKit/538.1 (KHTML, like Gecko) PhantomJS/2.1.1 Safari/538.1","webSecurityEnabled":true}
[INFO  - 2018-08-06T05:40:04.689Z] Session [2b81b0c0-993b-11e8-8fda-c593f5007004] - page.customHeaders:  - {}
[INFO  - 2018-08-06T05:40:04.690Z] Session [2b81b0c0-993b-11e8-8fda-c593f5007004] - Session.negotiatedCapabilities - {"browserName":"phantomjs","version":"2.1.1","driverName":"ghostdriver","driverVersion":"1.2.0","platform":"windows-10-32bit","javascriptEnabled":true,"takesScreenshot":true,"handlesAlerts":false,"databaseEnabled":false,"locationContextEnabled":false,"applicationCacheEnabled":false,"browserConnectionEnabled":false,"cssSelectorsEnabled":true,"webStorageEnabled":false,"rotatable":false,"acceptSslCerts":false,"nativeEvents":true,"proxy":{"proxyType":"direct"}}
[INFO  - 2018-08-06T05:40:04.690Z] SessionManagerReqHand - _postNewSessionCommand - New Session Created: 2b81b0c0-993b-11e8-8fda-c593f5007004
[INFO  - 2018-08-06T05:40:22.010Z] ShutdownReqHand - _handle - About to shutdown
